<?xml version="1.0" encoding="UTF-8"?>
<!-- Generated by org.testng.reporters.JUnitReportReporter -->
<testsuite hostname="faraday" name="com.rentalroost.automation.houserieqa.ChangePaymentOptionLandlordToTenantTest" tests="1" failures="1" timestamp="4 Apr 2014 10:20:03 GMT" time="0.001" errors="0">
  <testcase name="ChangePaymentOptionLandlordToTenant" time="0.001" classname="com.rentalroost.automation.houserieqa.ChangePaymentOptionLandlordToTenantTest">
    <failure type="org.openqa.selenium.TimeoutException" message="Timed out after 60 seconds waiting for com.rentalroost.automation.core.qa.WebPage$1@7144c1a4
Build info: version: &#039;2.39.0&#039;, revision: &#039;14fa800511cc5d66d426e08b0b2ab926c7ed7398&#039;, time: &#039;2013-12-16 13:18:38&#039;
System info: host: &#039;faraday&#039;, ip: &#039;10.71.71.22&#039;, os.name: &#039;Windows 7&#039;, os.arch: &#039;amd64&#039;, os.version: &#039;6.1&#039;, java.version: &#039;1.7.0_45&#039;
Driver info: driver.version: unknown">
      <![CDATA[org.openqa.selenium.TimeoutException: Timed out after 60 seconds waiting for com.rentalroost.automation.core.qa.WebPage$1@7144c1a4
Build info: version: '2.39.0', revision: '14fa800511cc5d66d426e08b0b2ab926c7ed7398', time: '2013-12-16 13:18:38'
System info: host: 'faraday', ip: '10.71.71.22', os.name: 'Windows 7', os.arch: 'amd64', os.version: '6.1', java.version: '1.7.0_45'
Driver info: driver.version: unknown
	at org.openqa.selenium.support.ui.FluentWait.timeoutException(FluentWait.java:259)
	at org.openqa.selenium.support.ui.FluentWait.until(FluentWait.java:228)
	at com.rentalroost.automation.core.qa.WebPage.waitForAnElement(WebPage.java:188)
	at com.rentalroost.automation.houserieqa.processor.HouserieLib.HouserieLibrary.initaiteOrder(HouserieLibrary.java:200)
	at com.rentalroost.automation.houserieqa.ChangePaymentOptionLandlordToTenantTest.setUp(ChangePaymentOptionLandlordToTenantTest.java:46)
	at sun.reflect.NativeMethodAccessorImpl.invoke0(Native Method)
	at sun.reflect.NativeMethodAccessorImpl.invoke(Unknown Source)
	at sun.reflect.DelegatingMethodAccessorImpl.invoke(Unknown Source)
	at java.lang.reflect.Method.invoke(Unknown Source)
	at org.testng.internal.MethodInvocationHelper.invokeMethod(MethodInvocationHelper.java:84)
	at org.testng.internal.Invoker.invokeConfigurationMethod(Invoker.java:564)
	at org.testng.internal.Invoker.invokeConfigurations(Invoker.java:213)
	at org.testng.internal.Invoker.invokeConfigurations(Invoker.java:138)
	at org.testng.internal.TestMethodWorker.invokeBeforeClassMethods(TestMethodWorker.java:175)
	at org.testng.internal.TestMethodWorker.run(TestMethodWorker.java:107)
	at org.testng.TestRunner.privateRun(TestRunner.java:767)
	at org.testng.TestRunner.run(TestRunner.java:617)
	at org.testng.SuiteRunner.runTest(SuiteRunner.java:334)
	at org.testng.SuiteRunner.runSequentially(SuiteRunner.java:329)
	at org.testng.SuiteRunner.privateRun(SuiteRunner.java:291)
	at org.testng.SuiteRunner.run(SuiteRunner.java:240)
	at org.testng.SuiteRunnerWorker.runSuite(SuiteRunnerWorker.java:52)
	at org.testng.SuiteRunnerWorker.run(SuiteRunnerWorker.java:86)
	at org.testng.TestNG.runSuitesSequentially(TestNG.java:1224)
	at org.testng.TestNG.runSuitesLocally(TestNG.java:1149)
	at org.testng.TestNG.run(TestNG.java:1057)
	at org.testng.remote.RemoteTestNG.run(RemoteTestNG.java:111)
	at org.testng.remote.RemoteTestNG.initAndRun(RemoteTestNG.java:204)
	at org.testng.remote.RemoteTestNG.main(RemoteTestNG.java:175)
Caused by: org.openqa.selenium.NoSuchElementException: Unable to locate element: {"method":"xpath","selector":"id('maincont')/div[2]/p"}
Command duration or timeout: 22 milliseconds
For documentation on this error, please visit: http://seleniumhq.org/exceptions/no_such_element.html
Build info: version: '2.39.0', revision: '14fa800511cc5d66d426e08b0b2ab926c7ed7398', time: '2013-12-16 13:18:38'
System info: host: 'faraday', ip: '10.71.71.22', os.name: 'Windows 7', os.arch: 'amd64', os.version: '6.1', java.version: '1.7.0_45'
Session ID: c1ab7818-214a-498e-9412-41a8571f3524
Driver info: org.openqa.selenium.firefox.FirefoxDriver
Capabilities [{platform=XP, acceptSslCerts=true, javascriptEnabled=true, cssSelectorsEnabled=true, databaseEnabled=true, browserName=firefox, handlesAlerts=true, browserConnectionEnabled=true, webStorageEnabled=true, nativeEvents=false, rotatable=false, locationContextEnabled=true, applicationCacheEnabled=true, takesScreenshot=true, version=28.0}]
	at sun.reflect.GeneratedConstructorAccessor15.newInstance(Unknown Source)
	at sun.reflect.DelegatingConstructorAccessorImpl.newInstance(Unknown Source)
	at java.lang.reflect.Constructor.newInstance(Unknown Source)
	at org.openqa.selenium.remote.ErrorHandler.createThrowable(ErrorHandler.java:193)
	at org.openqa.selenium.remote.ErrorHandler.throwIfResponseFailed(ErrorHandler.java:145)
	at org.openqa.selenium.remote.RemoteWebDriver.execute(RemoteWebDriver.java:554)
	at org.openqa.selenium.remote.RemoteWebDriver.findElement(RemoteWebDriver.java:307)
	at org.openqa.selenium.remote.RemoteWebDriver.findElementByXPath(RemoteWebDriver.java:404)
	at org.openqa.selenium.By$ByXPath.findElement(By.java:363)
	at org.openqa.selenium.remote.RemoteWebDriver.findElement(RemoteWebDriver.java:299)
	at sun.reflect.GeneratedMethodAccessor7.invoke(Unknown Source)
	at sun.reflect.DelegatingMethodAccessorImpl.invoke(Unknown Source)
	at java.lang.reflect.Method.invoke(Unknown Source)
	at org.openqa.selenium.support.events.EventFiringWebDriver$2.invoke(EventFiringWebDriver.java:101)
	at com.sun.proxy.$Proxy9.findElement(Unknown Source)
	at org.openqa.selenium.support.events.EventFiringWebDriver.findElement(EventFiringWebDriver.java:184)
	at com.rentalroost.automation.core.qa.WebPage$1.apply(WebPage.java:192)
	at com.rentalroost.automation.core.qa.WebPage$1.apply(WebPage.java:188)
	at org.openqa.selenium.support.ui.FluentWait.until(FluentWait.java:208)
	... 27 more
Caused by: org.openqa.selenium.remote.ErrorHandler$UnknownServerException: Unable to locate element: {"method":"xpath","selector":"id('maincont')/div[2]/p"}
Build info: version: '2.39.0', revision: '14fa800511cc5d66d426e08b0b2ab926c7ed7398', time: '2013-12-16 13:18:38'
System info: host: 'faraday', ip: '10.71.71.22', os.name: 'Windows 7', os.arch: 'amd64', os.version: '6.1', java.version: '1.7.0_45'
Driver info: driver.version: unknown
	at <anonymous class>.FirefoxDriver.prototype.findElementInternal_(file:///C:/Users/amit/AppData/Local/Temp/anonymous1128983852414077822webdriver-profile/extensions/fxdriver@googlecode.com/components/driver_component.js:8860)
	at <anonymous class>.FirefoxDriver.prototype.findElement(file:///C:/Users/amit/AppData/Local/Temp/anonymous1128983852414077822webdriver-profile/extensions/fxdriver@googlecode.com/components/driver_component.js:8869)
	at <anonymous class>.DelayedCommand.prototype.executeInternal_/h(file:///C:/Users/amit/AppData/Local/Temp/anonymous1128983852414077822webdriver-profile/extensions/fxdriver@googlecode.com/components/command_processor.js:10831)
	at <anonymous class>.DelayedCommand.prototype.executeInternal_(file:///C:/Users/amit/AppData/Local/Temp/anonymous1128983852414077822webdriver-profile/extensions/fxdriver@googlecode.com/components/command_processor.js:10836)
	at <anonymous class>.DelayedCommand.prototype.execute/<(file:///C:/Users/amit/AppData/Local/Temp/anonymous1128983852414077822webdriver-profile/extensions/fxdriver@googlecode.com/components/command_processor.js:10778)
]]>
    </failure>
  </testcase> <!-- ChangePaymentOptionLandlordToTenant -->
</testsuite> <!-- com.rentalroost.automation.houserieqa.ChangePaymentOptionLandlordToTenantTest -->
