<?xml version="1.0" encoding="UTF-8" ?>
<testsuite failures="1" time="94.481" errors="0" skipped="19" tests="21" name="TestSuite">
  <properties>
    <property name="java.runtime.name" value="Java(TM) SE Runtime Environment"/>
    <property name="sun.boot.library.path" value="C:\Program Files\Java\jdk1.7.0_45\jre\bin"/>
    <property name="java.vm.version" value="24.45-b08"/>
    <property name="java.vm.vendor" value="Oracle Corporation"/>
    <property name="java.vendor.url" value="http://java.oracle.com/"/>
    <property name="path.separator" value=";"/>
    <property name="guice.disable.misplaced.annotation.check" value="true"/>
    <property name="java.vm.name" value="Java HotSpot(TM) 64-Bit Server VM"/>
    <property name="file.encoding.pkg" value="sun.io"/>
    <property name="user.script" value=""/>
    <property name="user.country" value="IN"/>
    <property name="sun.java.launcher" value="SUN_STANDARD"/>
    <property name="sun.os.patch.level" value="Service Pack 1"/>
    <property name="java.vm.specification.name" value="Java Virtual Machine Specification"/>
    <property name="user.dir" value="C:\Rentalroost\Automation\Houserie-Automation\Houserie-Automation"/>
    <property name="java.runtime.version" value="1.7.0_45-b18"/>
    <property name="java.awt.graphicsenv" value="sun.awt.Win32GraphicsEnvironment"/>
    <property name="java.endorsed.dirs" value="C:\Program Files\Java\jdk1.7.0_45\jre\lib\endorsed"/>
    <property name="os.arch" value="amd64"/>
    <property name="java.io.tmpdir" value="C:\Users\amit\AppData\Local\Temp\"/>
    <property name="line.separator" value="
"/>
    <property name="java.vm.specification.vendor" value="Oracle Corporation"/>
    <property name="user.variant" value=""/>
    <property name="os.name" value="Windows 7"/>
    <property name="classworlds.conf" value="C:\Softwares\apache-maven-3.0.4\bin\m2.conf"/>
    <property name="sun.jnu.encoding" value="Cp1252"/>
    <property name="java.library.path" value="C:\Program Files\Java\jdk1.7.0_45\bin;C:\Windows\Sun\Java\bin;C:\Windows\system32;C:\Windows;C:\Windows\system32;C:\Windows;C:\Windows\System32\Wbem;C:\Windows\System32\WindowsPowerShell\v1.0\;c:\Program Files (x86)\Hewlett-Packard\HP ProtectTools Security Manager\Bin\;c:\Program Files\Intel\DMIX;C:\Program Files (x86)\Intel\Services\IPT\;C:\Program Files\Java\jdk1.7.0_45\bin;C:\Softwares\apache-maven-3.0.4\bin;C:\Program Files (x86)\Intel\OpenCL SDK\2.0\bin\x86;C:\Program Files (x86)\Intel\OpenCL SDK\2.0\bin\x64;."/>
    <property name="java.specification.name" value="Java Platform API Specification"/>
    <property name="java.class.version" value="51.0"/>
    <property name="sun.management.compiler" value="HotSpot 64-Bit Tiered Compilers"/>
    <property name="os.version" value="6.1"/>
    <property name="user.home" value="C:\Users\amit"/>
    <property name="user.timezone" value="Asia/Calcutta"/>
    <property name="java.awt.printerjob" value="sun.awt.windows.WPrinterJob"/>
    <property name="java.specification.version" value="1.7"/>
    <property name="file.encoding" value="Cp1252"/>
    <property name="user.name" value="amit"/>
    <property name="java.class.path" value="C:\Softwares\apache-maven-3.0.4\boot\plexus-classworlds-2.4.jar"/>
    <property name="java.vm.specification.version" value="1.7"/>
    <property name="sun.arch.data.model" value="64"/>
    <property name="java.home" value="C:\Program Files\Java\jdk1.7.0_45\jre"/>
    <property name="sun.java.command" value="org.codehaus.plexus.classworlds.launcher.Launcher clean install"/>
    <property name="java.specification.vendor" value="Oracle Corporation"/>
    <property name="user.language" value="en"/>
    <property name="awt.toolkit" value="sun.awt.windows.WToolkit"/>
    <property name="java.vm.info" value="mixed mode"/>
    <property name="java.version" value="1.7.0_45"/>
    <property name="java.ext.dirs" value="C:\Program Files\Java\jdk1.7.0_45\jre\lib\ext;C:\Windows\Sun\Java\lib\ext"/>
    <property name="sun.boot.class.path" value="C:\Program Files\Java\jdk1.7.0_45\jre\lib\resources.jar;C:\Program Files\Java\jdk1.7.0_45\jre\lib\rt.jar;C:\Program Files\Java\jdk1.7.0_45\jre\lib\sunrsasign.jar;C:\Program Files\Java\jdk1.7.0_45\jre\lib\jsse.jar;C:\Program Files\Java\jdk1.7.0_45\jre\lib\jce.jar;C:\Program Files\Java\jdk1.7.0_45\jre\lib\charsets.jar;C:\Program Files\Java\jdk1.7.0_45\jre\lib\jfr.jar;C:\Program Files\Java\jdk1.7.0_45\jre\classes"/>
    <property name="java.vendor" value="Oracle Corporation"/>
    <property name="maven.home" value="C:\Softwares\apache-maven-3.0.4"/>
    <property name="file.separator" value="\"/>
    <property name="java.vendor.url.bug" value="http://bugreport.sun.com/bugreport/"/>
    <property name="sun.cpu.endian" value="little"/>
    <property name="sun.io.unicode.encoding" value="UnicodeLittle"/>
    <property name="sun.desktop" value="windows"/>
    <property name="sun.cpu.isalist" value="amd64"/>
  </properties>
  <testcase time="13.354" classname="com.rentalroost.automation.houserieqa.CancelOrderByLandlordTest" name="CancelOrderByLandlord"/>
  <testcase time="33.155" classname="com.rentalroost.automation.houserieqa.ChangePaymentOptionBeforeMultipleTenantsAuthorizationTest" name="setUp">
    <failure message="java.lang.reflect.InvocationTargetException" type="java.lang.RuntimeException">java.lang.RuntimeException: java.lang.reflect.InvocationTargetException
	at org.openqa.selenium.support.PageFactory.instantiatePage(PageFactory.java:140)
	at org.openqa.selenium.support.PageFactory.initElements(PageFactory.java:66)
	at com.rentalroost.automation.houserieqa.processor.Navigator.HouserieSiteManager$HouserieSite.goToAddTenantsPage(HouserieSiteManager.java:93)
	at com.rentalroost.automation.houserieqa.processor.HouserieLib.HouserieLibrary.initaiteOrderWithMultipleTenants(HouserieLibrary.java:275)
	at com.rentalroost.automation.houserieqa.ChangePaymentOptionBeforeMultipleTenantsAuthorizationTest.setUp(ChangePaymentOptionBeforeMultipleTenantsAuthorizationTest.java:50)
Caused by: java.lang.reflect.InvocationTargetException
	at sun.reflect.NativeConstructorAccessorImpl.newInstance0(Native Method)
	at sun.reflect.NativeConstructorAccessorImpl.newInstance(NativeConstructorAccessorImpl.java:57)
	at sun.reflect.DelegatingConstructorAccessorImpl.newInstance(DelegatingConstructorAccessorImpl.java:45)
	at java.lang.reflect.Constructor.newInstance(Constructor.java:526)
	at org.openqa.selenium.support.PageFactory.instantiatePage(PageFactory.java:131)
	... 38 more
Caused by: org.openqa.selenium.UnhandledAlertException: Modal dialog present: Please select property rating
Build info: version: &apos;2.41.0&apos;, revision: &apos;3192d8a6c4449dc285928ba024779344f5423c58&apos;, time: &apos;2014-03-27 11:29:39&apos;
System info: host: &apos;faraday&apos;, ip: &apos;10.71.71.22&apos;, os.name: &apos;Windows 7&apos;, os.arch: &apos;amd64&apos;, os.version: &apos;6.1&apos;, java.version: &apos;1.7.0_45&apos;
Session ID: f7280e9d-3a74-4896-88d5-13242ea90eb3
Driver info: org.openqa.selenium.firefox.FirefoxDriver
Capabilities [{platform=XP, acceptSslCerts=true, javascriptEnabled=true, cssSelectorsEnabled=true, databaseEnabled=true, browserName=firefox, handlesAlerts=true, browserConnectionEnabled=true, webStorageEnabled=true, nativeEvents=true, rotatable=false, locationContextEnabled=true, applicationCacheEnabled=true, takesScreenshot=true, version=28.0}]
	at sun.reflect.NativeConstructorAccessorImpl.newInstance0(Native Method)
	at sun.reflect.NativeConstructorAccessorImpl.newInstance(NativeConstructorAccessorImpl.java:57)
	at sun.reflect.DelegatingConstructorAccessorImpl.newInstance(DelegatingConstructorAccessorImpl.java:45)
	at java.lang.reflect.Constructor.newInstance(Constructor.java:526)
	at org.openqa.selenium.remote.ErrorHandler.createThrowable(ErrorHandler.java:193)
	at org.openqa.selenium.remote.ErrorHandler.createUnhandledAlertException(ErrorHandler.java:174)
	at org.openqa.selenium.remote.ErrorHandler.throwIfResponseFailed(ErrorHandler.java:141)
	at org.openqa.selenium.remote.RemoteWebDriver.execute(RemoteWebDriver.java:595)
	at org.openqa.selenium.remote.RemoteWebDriver.findElement(RemoteWebDriver.java:348)
	at org.openqa.selenium.remote.RemoteWebDriver.findElementById(RemoteWebDriver.java:389)
	at org.openqa.selenium.By$ById.findElement(By.java:214)
	at org.openqa.selenium.remote.RemoteWebDriver.findElement(RemoteWebDriver.java:340)
	at sun.reflect.GeneratedMethodAccessor7.invoke(Unknown Source)
	at sun.reflect.DelegatingMethodAccessorImpl.invoke(DelegatingMethodAccessorImpl.java:43)
	at java.lang.reflect.Method.invoke(Method.java:606)
	at org.openqa.selenium.support.events.EventFiringWebDriver$2.invoke(EventFiringWebDriver.java:101)
	at com.sun.proxy.$Proxy8.findElement(Unknown Source)
	at org.openqa.selenium.support.events.EventFiringWebDriver.findElement(EventFiringWebDriver.java:184)
	at org.openqa.selenium.support.pagefactory.DefaultElementLocator.findElement(DefaultElementLocator.java:59)
	at org.openqa.selenium.support.pagefactory.AjaxElementLocator.access$001(AjaxElementLocator.java:40)
	at org.openqa.selenium.support.pagefactory.AjaxElementLocator$SlowLoadingElement.isLoaded(AjaxElementLocator.java:140)
	at org.openqa.selenium.support.ui.SlowLoadableComponent.get(SlowLoadableComponent.java:48)
	at org.openqa.selenium.support.pagefactory.AjaxElementLocator.findElement(AjaxElementLocator.java:70)
	at org.openqa.selenium.support.pagefactory.internal.LocatingElementHandler.invoke(LocatingElementHandler.java:34)
	at com.sun.proxy.$Proxy10.isDisplayed(Unknown Source)
	at com.rentalroost.automation.core.qa.WebPage$2.apply(WebPage.java:211)
	at com.rentalroost.automation.core.qa.WebPage$2.apply(WebPage.java:209)
	at org.openqa.selenium.support.ui.FluentWait.until(FluentWait.java:208)
	at com.rentalroost.automation.core.qa.WebPage.visibilityOfElementLocated(WebPage.java:221)
	at com.rentalroost.automation.core.qa.WebPage.visibilityOfElementsLocated(WebPage.java:233)
	at com.rentalroost.automation.core.qa.WebPage.waitUntilAllElementsAreLoaded(WebPage.java:322)
	at com.rentalroost.automation.core.qa.WebPage.&lt;init&gt;(WebPage.java:140)
	at com.rentalroost.automation.houserieqa.HouserieWebPage.&lt;init&gt;(HouserieWebPage.java:23)
	at com.rentalroost.automation.houserieqa.processor.PageObjects.AddTenantsPage.&lt;init&gt;(AddTenantsPage.java:16)
	... 43 more
</failure>
    <system-out>CancelOrderByLandlord test case ended.
Performing BasicTest startup
Instantiated the driver.
Instantiated Navigator.
ChangePaymentBeforeMultipleTenantsAuthorization test case started.
</system-out>
  </testcase>
  <testcase time="0" classname="com.rentalroost.automation.houserieqa.ChangePaymentOptionBeforeMultipleTenantsAuthorizationTest" name="ChangePaymentOptionBeforeMultipleTenantsAuthorization">
    <skipped/>
  </testcase>
  <testcase time="0" classname="com.rentalroost.automation.houserieqa.ChangePaymentOptionLandlordToTenantTest" name="performStartup">
    <skipped/>
  </testcase>
  <testcase time="0" classname="com.rentalroost.automation.houserieqa.ChangePaymentOptionLandlordToTenantTest" name="setUp">
    <skipped/>
  </testcase>
  <testcase time="0" classname="com.rentalroost.automation.houserieqa.ChangePaymentOptionLandlordToTenantTest" name="ChangePaymentOptionLandlordToTenant">
    <skipped/>
  </testcase>
  <testcase time="0.001" classname="com.rentalroost.automation.houserieqa.ChangePaymentOptionTenantToLandlordTest" name="performStartup">
    <skipped/>
  </testcase>
  <testcase time="0.026" classname="com.rentalroost.automation.houserieqa.ChangePaymentOptionTenantToLandlordTest" name="setUp">
    <skipped/>
  </testcase>
  <testcase time="0" classname="com.rentalroost.automation.houserieqa.ChangePaymentOptionTenantToLandlordTest" name="ChangePaymentOptionTenantToLandlord">
    <skipped/>
  </testcase>
  <testcase time="0.001" classname="com.rentalroost.automation.houserieqa.HRLoginTest" name="performStartup">
    <skipped/>
  </testcase>
  <testcase time="0.001" classname="com.rentalroost.automation.houserieqa.HRLoginTest" name="setUp">
    <skipped/>
  </testcase>
  <testcase time="0" classname="com.rentalroost.automation.houserieqa.HRLoginTest" name="HRLogin">
    <skipped/>
  </testcase>
  <testcase time="0" classname="com.rentalroost.automation.houserieqa.LandlordSingleTenantFlowTest" name="performStartup">
    <skipped/>
  </testcase>
  <testcase time="0" classname="com.rentalroost.automation.houserieqa.LandlordSingleTenantFlowTest" name="setUp">
    <skipped/>
  </testcase>
  <testcase time="0" classname="com.rentalroost.automation.houserieqa.LandlordSingleTenantFlowTest" name="LandlordSingleTenantFlow">
    <skipped/>
  </testcase>
  <testcase time="0" classname="com.rentalroost.automation.houserieqa.TenantScreeningAuthorizationLandlordPayTest" name="performStartup">
    <skipped/>
  </testcase>
  <testcase time="0" classname="com.rentalroost.automation.houserieqa.TenantScreeningAuthorizationLandlordPayTest" name="setUp">
    <skipped/>
  </testcase>
  <testcase time="0" classname="com.rentalroost.automation.houserieqa.TenantScreeningAuthorizationLandlordPayTest" name="TenantScreeningAuthorizationLandlordPay">
    <skipped/>
  </testcase>
  <testcase time="0.001" classname="com.rentalroost.automation.houserieqa.TenantScreeningAuthorizationTenantPayTest" name="performStartup">
    <skipped/>
  </testcase>
  <testcase time="0.001" classname="com.rentalroost.automation.houserieqa.TenantScreeningAuthorizationTenantPayTest" name="setUp">
    <skipped/>
  </testcase>
  <testcase time="0" classname="com.rentalroost.automation.houserieqa.TenantScreeningAuthorizationTenantPayTest" name="TenantScreeningAuthorizationLandlordPay">
    <skipped/>
  </testcase>
</testsuite>